Build started 4/23/2011 9:03:26 PM.
     1>Project "D:\usr\peter\berkeley\cs184\sp11\proj\framework\cs184.vcxproj" on node 2 (build target(s)).
     1>InitializeBuildStatus:
         Creating "Debug\cs184.unsuccessfulbuild" because "AlwaysCreate" was specified.
       ClCompile:
         c:\Program Files (x86)\Microsoft Visual Studio 10.0\VC\bin\CL.exe /c /I"glut-3.7.6-bin" /Iinclude /ZI /nologo /W3 /WX- /Od /Oy- /D WIN32 /D _DEBUG /D _CONSOLE /Gm /EHsc /RTC1 /MDd /GS /fp:precise /Zc:wchar_t /Zc:forScope /Fo"Debug\\" /Fd"Debug\vc100.pdb" /Gd /TP /wd4996 /analyze- /errorReport:prompt src\BoundingBox.cpp src\Viewport.cpp src\World.cpp src\main.cpp
         BoundingBox.cpp
         Generating Code...
         Skipping... (no relevant changes detected)
         main.cpp
         World.cpp
         Viewport.cpp
       ManifestResourceCompile:
         All outputs are up-to-date.
       Link:
         c:\Program Files (x86)\Microsoft Visual Studio 10.0\VC\bin\link.exe /ERRORREPORT:PROMPT /OUT:"Debug\cs184.exe" /INCREMENTAL /NOLOGO /LIBPATH:"glut-3.7.6-bin" /LIBPATH:FreeImage\Dist glut32.lib FreeImage.lib opengl32.lib kernel32.lib user32.lib gdi32.lib winspool.lib comdlg32.lib advapi32.lib shell32.lib ole32.lib oleaut32.lib uuid.lib odbc32.lib odbccp32.lib /MANIFEST /ManifestFile:"Debug\cs184.exe.intermediate.manifest" /MANIFESTUAC:"level='asInvoker' uiAccess='false'" /DEBUG /PDB:"D:\usr\peter\berkeley\cs184\sp11\proj\framework\Debug\cs184.pdb" /SUBSYSTEM:CONSOLE /TLBID:1 /DYNAMICBASE /NXCOMPAT /IMPLIB:"Debug\cs184.lib" /MACHINE:X86 Debug\cs184.exe.embed.manifest.res
         Debug\BoundingBox.obj
         Debug\Film.obj
         Debug\main.obj
         Debug\Primitives.obj
         Debug\Viewport.obj
         Debug\World.obj
         Debug\mathexpr.obj
         Debug\MeshInfo.obj
         Debug\Scene.obj
         Debug\SceneGroup.obj
         Debug\SceneInstance.obj
         Debug\SceneLoader.obj
       Manifest:
         c:\Program Files (x86)\Microsoft SDKs\Windows\v7.0A\bin\mt.exe /nologo /verbose /out:"Debug\cs184.exe.embed.manifest" /manifest Debug\cs184.exe.intermediate.manifest
         All outputs are up-to-date.
       LinkEmbedManifest:
         All outputs are up-to-date.
         cs184.vcxproj -> D:\usr\peter\berkeley\cs184\sp11\proj\framework\Debug\cs184.exe
       FinalizeBuildStatus:
         Deleting file "Debug\cs184.unsuccessfulbuild".
         Touching "Debug\cs184.lastbuildstate".
     1>Done Building Project "D:\usr\peter\berkeley\cs184\sp11\proj\framework\cs184.vcxproj" (build target(s)).

Build succeeded.

Time Elapsed 00:00:01.22
